0 info it worked if it ends with ok
1 verbose cli [ '/usr/local/Cellar/node/0.10.10/bin/node',
1 verbose cli   '/usr/local/bin/npm',
1 verbose cli   'install',
1 verbose cli   'http' ]
2 info using npm@1.2.25
3 info using node@v0.10.10
4 verbose read json /Users/jdivock/Projects/BieberTweets_Angular/package.json
5 warn package.json biebertweets-angular@0.0.0 No repository field.
6 verbose read json /Users/jdivock/Projects/BieberTweets_Angular/node_modules/connect-livereload/package.json
7 verbose read json /Users/jdivock/Projects/BieberTweets_Angular/node_modules/express/package.json
8 verbose read json /Users/jdivock/Projects/BieberTweets_Angular/node_modules/grunt/package.json
9 verbose read json /Users/jdivock/Projects/BieberTweets_Angular/node_modules/grunt-concurrent/package.json
10 verbose read json /Users/jdivock/Projects/BieberTweets_Angular/node_modules/grunt-contrib-clean/package.json
11 verbose read json /Users/jdivock/Projects/BieberTweets_Angular/node_modules/grunt-contrib-coffee/package.json
12 verbose read json /Users/jdivock/Projects/BieberTweets_Angular/node_modules/grunt-contrib-compass/package.json
13 verbose read json /Users/jdivock/Projects/BieberTweets_Angular/node_modules/grunt-contrib-concat/package.json
14 verbose read json /Users/jdivock/Projects/BieberTweets_Angular/node_modules/grunt-contrib-connect/package.json
15 verbose read json /Users/jdivock/Projects/BieberTweets_Angular/node_modules/grunt-contrib-copy/package.json
16 verbose read json /Users/jdivock/Projects/BieberTweets_Angular/node_modules/grunt-contrib-cssmin/package.json
17 verbose read json /Users/jdivock/Projects/BieberTweets_Angular/node_modules/grunt-contrib-htmlmin/package.json
18 verbose read json /Users/jdivock/Projects/BieberTweets_Angular/node_modules/grunt-contrib-imagemin/package.json
19 verbose read json /Users/jdivock/Projects/BieberTweets_Angular/node_modules/grunt-contrib-jshint/package.json
20 verbose read json /Users/jdivock/Projects/BieberTweets_Angular/node_modules/grunt-contrib-uglify/package.json
21 verbose read json /Users/jdivock/Projects/BieberTweets_Angular/node_modules/grunt-contrib-watch/package.json
22 verbose read json /Users/jdivock/Projects/BieberTweets_Angular/node_modules/grunt-google-cdn/package.json
23 verbose read json /Users/jdivock/Projects/BieberTweets_Angular/node_modules/grunt-karma/package.json
24 verbose read json /Users/jdivock/Projects/BieberTweets_Angular/node_modules/grunt-ngmin/package.json
25 verbose read json /Users/jdivock/Projects/BieberTweets_Angular/node_modules/grunt-open/package.json
26 verbose read json /Users/jdivock/Projects/BieberTweets_Angular/node_modules/grunt-rev/package.json
27 verbose read json /Users/jdivock/Projects/BieberTweets_Angular/node_modules/grunt-svgmin/package.json
28 verbose read json /Users/jdivock/Projects/BieberTweets_Angular/node_modules/grunt-usemin/package.json
29 verbose read json /Users/jdivock/Projects/BieberTweets_Angular/node_modules/http/package.json
30 verbose read json /Users/jdivock/Projects/BieberTweets_Angular/node_modules/matchdep/package.json
31 verbose read json /Users/jdivock/Projects/BieberTweets_Angular/node_modules/moment/package.json
32 verbose read json /Users/jdivock/Projects/BieberTweets_Angular/node_modules/path/package.json
33 verbose read json /Users/jdivock/Projects/BieberTweets_Angular/node_modules/socket.io/package.json
34 verbose read json /Users/jdivock/Projects/BieberTweets_Angular/node_modules/twitter/package.json
35 warn package.json http@0.0.0 No repository field.
36 verbose from cache /Users/jdivock/Projects/BieberTweets_Angular/package.json
37 verbose readDependencies using package.json deps
38 verbose cache add [ 'http@0.0.0', null ]
39 verbose cache add name=undefined spec="http@0.0.0" args=["http@0.0.0",null]
40 verbose parsed url { protocol: null,
40 verbose parsed url   slashes: null,
40 verbose parsed url   auth: null,
40 verbose parsed url   host: null,
40 verbose parsed url   port: null,
40 verbose parsed url   hostname: null,
40 verbose parsed url   hash: null,
40 verbose parsed url   search: null,
40 verbose parsed url   query: null,
40 verbose parsed url   pathname: 'http@0.0.0',
40 verbose parsed url   path: 'http@0.0.0',
40 verbose parsed url   href: 'http@0.0.0' }
41 verbose cache add name="http" spec="0.0.0" args=["http","0.0.0"]
42 verbose parsed url { protocol: null,
42 verbose parsed url   slashes: null,
42 verbose parsed url   auth: null,
42 verbose parsed url   host: null,
42 verbose parsed url   port: null,
42 verbose parsed url   hostname: null,
42 verbose parsed url   hash: null,
42 verbose parsed url   search: null,
42 verbose parsed url   query: null,
42 verbose parsed url   pathname: '0.0.0',
42 verbose parsed url   path: '0.0.0',
42 verbose parsed url   href: '0.0.0' }
43 verbose addNamed [ 'http', '0.0.0' ]
44 verbose addNamed [ '0.0.0', '0.0.0' ]
45 silly lockFile 5c64bf45-http-0-0-0 http@0.0.0
46 verbose lock http@0.0.0 /Users/jdivock/.npm/5c64bf45-http-0-0-0.lock
47 verbose url raw http/0.0.0
48 verbose url resolving [ 'https://registry.npmjs.org/', './http/0.0.0' ]
49 verbose url resolved https://registry.npmjs.org/http/0.0.0
50 info trying registry request attempt 1 at 19:30:23
51 http GET https://registry.npmjs.org/http/0.0.0
52 http 404 https://registry.npmjs.org/http/0.0.0
53 silly registry.get cb [ 404,
53 silly registry.get   { server: 'CouchDB/1.3.0 (Erlang OTP/R15B03)',
53 silly registry.get     date: 'Sat, 27 Jul 2013 23:30:24 GMT',
53 silly registry.get     'content-type': 'application/json',
53 silly registry.get     'content-length': '52',
53 silly registry.get     'cache-control': 'must-revalidate' } ]
54 silly lockFile 5c64bf45-http-0-0-0 http@0.0.0
55 silly lockFile 5c64bf45-http-0-0-0 http@0.0.0
56 error 404 'http' is not in the npm registry.
56 error 404 You should bug the author to publish it
56 error 404
56 error 404 Note that you can also install from a
56 error 404 tarball, folder, or http url, or git url.
57 error System Darwin 12.4.0
58 error command "/usr/local/Cellar/node/0.10.10/bin/node" "/usr/local/bin/npm" "install" "http"
59 error cwd /Users/jdivock/Projects/BieberTweets_Angular
60 error node -v v0.10.10
61 error npm -v 1.2.25
62 error code E404
63 verbose exit [ 1, true ]
